SQL> @oml4sql-regression-neural-networks
SQL> -----------------------------------------------------------------------
SQL> --   Oracle Machine Learning for SQL (OML4SQL) 23ai
SQL> --
SQL> --   Regression - Neural Networks Algorithm - dmnnrdem.sql
SQL> --
SQL> --   Copyright (c) 2024 Oracle Corporation and/or its affilitiates.
SQL> --
SQL> --  The Universal Permissive License (UPL), Version 1.0
SQL> --
SQL> --  https://oss.oracle.com/licenses/upl/
SQL> -----------------------------------------------------------------------
SQL> SET serveroutput ON
SQL> SET trimspool ON
SQL> SET pages 10000
SQL> SET echo ON
SQL>
SQL> -----------------------------------------------------------------------
SQL> --                            SAMPLE PROBLEM
SQL> -----------------------------------------------------------------------
SQL> -- Given demographic, purchase, and affinity card membership data for a
SQL> -- set of customers, predict customer's age. Since age is a continuous
SQL> -- variable, this is a regression problem.
SQL>
SQL> -----------------------------------------------------------------------
SQL> --                            SET UP AND ANALYZE DATA
SQL> -----------------------------------------------------------------------
SQL>
SQL> -- The data for this sample is composed from base tables in the SH Schema
SQL> -- (See Sample Schema Documentation) and presented through these views:
SQL> -- mining_data_build_v (build data)
SQL> -- mining_data_test_v  (test data)
SQL> -- mining_data_apply_v (apply data)
SQL> -- (See dmsh.sql for view definitions).
SQL> --
SQL> -----------
SQL> -- ANALYSIS
SQL> -----------
SQL> -- For regression using NN, perform the following on mining data.
SQL> --
SQL> -- 1. Use Auto Data Preparation
SQL> --
SQL>
SQL> -----------------------------------------------------------------------
SQL> --                            BUILD THE MODEL
SQL> -----------------------------------------------------------------------
SQL>
SQL> -- Cleanup old model with same name (if any)
SQL> BEGIN DBMS_DATA_MINING.DROP_MODEL('NNR_SH_Regr_sample');
  2  EXCEPTION WHEN OTHERS THEN NULL; END;
  3  /

PL/SQL procedure successfully completed.

SQL>
SQL> ---------------------
SQL> -- CREATE A NEW MODEL
SQL> --
SQL> DECLARE
  2    v_setlst DBMS_DATA_MINING.SETTING_LIST;
  3    v_data_query VARCHAR2(32767);
  4  BEGIN
  5    -- Model Settings ---------------------------------------------------
  6    v_setlst('ALGO_NAME')        := 'ALGO_NEURAL_NETWORK';
  7    v_setlst('PREP_AUTO')        := 'ON';
  8    v_setlst('ODMS_RANDOM_SEED') := '12';
  9
 10    -- Examples of other possible settings are:
 11    -- v_setlst('NNET_HIDDEN_LAYERS')       := '2';
 12    -- v_setlst('NNET_NODES_PER_LAYER')     := '10, 30';
 13    -- v_setlst('NNET_ITERATIONS')          := '100';
 14    -- v_setlst('NNET_TOLERANCE')           := '0.0001';
 15    -- v_setlst('NNET_ACTIVATIONS')         := 'NNET_ACTIVATIONS_LOG_SIG';
 16    -- v_setlst('NNET_REGULARIZER')         := 'NNET_REGULARIZER_HELDASIDE';
 17    -- v_setlst('NNET_HELDASIDE_RATIO')     := '0.3';
 18    -- v_setlst('NNET_HELDASIDE_MAX_FAIL')  := '5';
 19    -- v_setlst('NNET_REGULARIZER')         := 'NNET_REGULARIZER_L2';
 20    -- v_setlst('NNET_REG_LAMBDA')          := '0.5';
 21    -- v_setlst('NNET_WEIGHT_UPPER_BOUND')  := '0.7';
 22    -- v_setlst('NNET_WEIGHT_LOWER_BOUND')  := '-0.6';
 23    -- v_setlst('LBFGS_HISTORY_DEPTH')      := '20';
 24    -- v_setlst('LBFGS_SCALE_HESSIAN')      := 'LBFGS_SCALE_HESSIAN_DISABLE';
 25    -- v_setlst('LBFGS_GRADIENT_TOLERANCE') := '0.0001';
 26
 27    v_data_query := q'|SELECT * FROM mining_data_build_v|';
 28
 29    DBMS_DATA_MINING.CREATE_MODEL2(
 30      model_name          => 'NNR_SH_Regr_sample',
 31      mining_function     => 'REGRESSION',
 32      data_query          => v_data_query,
 33      set_list            => v_setlst,
 34      case_id_column_name => 'CUST_ID',
 35      target_column_name  => 'AGE'
 36    );
 37  END;
 38  /

PL/SQL procedure successfully completed.

SQL>
SQL> -------------------------
SQL> -- DISPLAY MODEL SETTINGS
SQL> --
SQL> column setting_name format a30
SQL> column setting_value format a30
SQL> SELECT setting_name, setting_value
  2    FROM user_mining_model_settings
  3   WHERE model_name = 'NNR_SH_REGR_SAMPLE'
  4  ORDER BY setting_name;

SETTING_NAME                   SETTING_VALUE
------------------------------ ------------------------------
ALGO_NAME                      ALGO_NEURAL_NETWORK
NNET_ACTIVATIONS               'NNET_ACTIVATIONS_LOG_SIG'
NNET_HIDDEN_LAYERS             1
NNET_TOLERANCE                 .000001
ODMS_DETAILS                   ODMS_ENABLE
ODMS_MISSING_VALUE_TREATMENT   ODMS_MISSING_VALUE_AUTO
ODMS_RANDOM_SEED               12
ODMS_SAMPLING                  ODMS_SAMPLING_DISABLE
PREP_AUTO                      ON

9 rows selected.

SQL>
SQL> --------------------------
SQL> -- DISPLAY MODEL SIGNATURE
SQL> --
SQL> col attribute_name format a30
SQL> column attribute_type format a20
SQL> SELECT attribute_name, attribute_type
  2    FROM user_mining_model_attributes
  3   WHERE model_name = 'NNR_SH_REGR_SAMPLE'
  4  ORDER BY attribute_name;

ATTRIBUTE_NAME                 ATTRIBUTE_TYPE
------------------------------ --------------------
AFFINITY_CARD                  NUMERICAL
AGE                            NUMERICAL
BOOKKEEPING_APPLICATION        NUMERICAL
BULK_PACK_DISKETTES            NUMERICAL
COUNTRY_NAME                   CATEGORICAL
CUST_GENDER                    CATEGORICAL
CUST_INCOME_LEVEL              CATEGORICAL
CUST_MARITAL_STATUS            CATEGORICAL
EDUCATION                      CATEGORICAL
FLAT_PANEL_MONITOR             NUMERICAL
HOME_THEATER_PACKAGE           NUMERICAL
HOUSEHOLD_SIZE                 CATEGORICAL
OCCUPATION                     CATEGORICAL
OS_DOC_SET_KANJI               NUMERICAL
PRINTER_SUPPLIES               NUMERICAL
YRS_RESIDENCE                  NUMERICAL
Y_BOX_GAMES                    NUMERICAL

17 rows selected.

SQL>
SQL> ------------------------
SQL> -- DISPLAY MODEL DETAILS
SQL> --
SQL> -- Get a list of model views
SQL> col view_name format a30
SQL> col view_type format a50
SQL> SELECT view_name, view_type FROM user_mining_model_views
  2  WHERE model_name='NNR_SH_REGR_SAMPLE'
  3  ORDER BY view_name;

VIEW_NAME                      VIEW_TYPE
------------------------------ --------------------------------------------------
DM$VANNR_SH_REGR_SAMPLE        Neural Network Weights
DM$VGNNR_SH_REGR_SAMPLE        Global Name-Value Pairs
DM$VNNNR_SH_REGR_SAMPLE        Normalization and Missing Value Handling
DM$VSNNR_SH_REGR_SAMPLE        Computed Settings
DM$VWNNR_SH_REGR_SAMPLE        Model Build Alerts

5 rows selected.

SQL>
SQL> -----------------------------------------------------------------------
SQL> --                               TEST THE MODEL
SQL> -----------------------------------------------------------------------
SQL>
SQL> ------------------------------------
SQL> -- COMPUTE METRICS TO TEST THE MODEL
SQL> --
SQL>
SQL> -- 1. Root Mean Square Error - Sqrt(Mean((y - y')^2))
SQL> --
SQL> column rmse format 9999.99
SQL> SELECT SQRT(AVG((prediction - age) * (prediction - age))) rmse
  2    FROM (select age, PREDICTION(nnr_sh_regr_sample USING *) prediction
  3          from mining_data_test_v);

    RMSE
--------
    7.18

1 row selected.

SQL>
SQL> -- 2. Mean Absolute Error - Mean(|(y - y')|)
SQL> --
SQL> column mae format 9999.99
SQL> SELECT AVG(ABS(prediction - age)) mae
  2    FROM (select age, PREDICTION(nnr_sh_regr_sample USING *) prediction
  3          from mining_data_test_v);

     MAE
--------
    4.99

1 row selected.

SQL>
SQL> -- 3. Residuals
SQL> --    If the residuals show substantial variance between
SQL> --    the predicted value and the actual, you can consider
SQL> --    changing the algorithm parameters.
SQL> --
SQL> column prediction format 99.9999
SQL> SELECT prediction, (prediction - age) residual
  2    FROM (select age, PREDICTION(nnr_sh_regr_sample USING *) prediction
  3          from mining_data_test_v)
  4   WHERE prediction < 17.5
  5   ORDER BY prediction;

PREDICTION   RESIDUAL
---------- ----------
    7.4097 1.40970542
    7.6561 -4.34391143
    7.7801 -4.21988527
    7.7956 -6.20437155
    7.7983 1.79829043
    7.8552 -0.144807121
    7.9354 -5.0645527
    7.9362 -4.06382184
    8.0313 .0313361362
    8.2575 -0.742451756
    8.3474 1.34741605
    8.3862 .386237982
    8.9241 .924137556
    8.9676 -1.03241476
    9.0513 -0.948724254
    9.1125 -4.88746257
    9.1451 -1.85493096
    9.1696 -7.83040585
    9.1809 3.18091411
    9.2331 -0.766900775
    9.3014 -7.69863193
    9.3022 3.30216703
    9.3163 2.31630045
    9.3855 -3.61447041
    9.3946 3.39455432
    9.4042  1.4041669
    9.4389 -2.56111729
    9.5378 -6.46218095
    9.5411 -1.45888448
    9.5516 2.55162037
    9.5517 .551659045
    9.5775 2.57745267
    9.6001 .600135465
    9.6295 .629463074
    9.7078 .707836632
    9.7495 3.74946733
    9.7714 .771353557
    9.8381 -7.16189865
    9.8478 -0.1522108
    9.8653  1.8652978
    9.9027  .90273069
    9.9563 3.95631501
    9.9719 .971866438
    9.9805 -1.01950192
   10.0176 -2.98241874
   10.0176 1.01758126
   10.0421 .0420505204
   10.0730 -4.9269684
   10.0829 -3.91707334
   10.1241 1.12412541
   10.1241 2.12412541
   10.2306 .230562757
   10.2306 1.23056276
   10.2306 -2.76943724
   10.2398 .239767859
   10.2519 1.25190572
   10.2885 -2.71147724
   10.3054 -0.694636921
   10.3501 1.35007854
   10.3854 -1.6146497
   10.3912 -5.60881949
   10.3939 1.39394728
   10.4093 3.40933326
   10.4193 -1.58067034
   10.4568 2.45681412
   10.4582 -3.54182435
   10.4961 -2.50393908
   10.5157 -2.48430408
   10.5297 4.52971716
   10.5534 -2.44663031
   10.5636 3.56355942
   10.5785 -7.42148407
   10.6010 -1.39897052
   10.6100 .610040168
   10.6400 4.64004428
   10.6707 -0.32925275
   10.6776 3.67764972
   10.7209  .72094758
   10.7390 -0.260984216
   10.7482 3.74820236
   10.7500 3.74995764
   10.7602 1.76017206
   10.7876 1.78763533
   10.8063  .80629242
   10.8637 -0.136344807
   10.8814 -1.11863326
   10.8904 -5.10958359
   10.9058 -1.09422432
   10.9197 -2.08026061
   10.9784 4.97840581
   11.0384 .038370476
   11.0529 2.05286722
   11.0732 -0.926832854
   11.0793 1.07928899
   11.1063 4.10630403
   11.1952 1.19519793
   11.2025 2.20246125
   11.2120 2.21201795
   11.2346 4.23463288
   11.2494 -1.75056076
   11.2494 -1.75056076
   11.2525 4.25245159
   11.2603 -0.739732175
   11.2878 -0.712178623
   11.2955 3.29551997
   11.3039 -0.696075183
   11.3117 -1.68826534
   11.3147 4.31471353
   11.3301 1.33013122
   11.3510  4.3510213
   11.3801 3.38008529
   11.3828 -2.61723855
   11.4003 1.40028848
   11.4054 -2.59460156
   11.4059 3.40593884
   11.4089 -2.59112641
   11.4272 1.42719658
   11.4457 .445691141
   11.4500 -1.55003854
   11.4509 2.45092556
   11.4713 -0.528658067
   11.4862 -0.513764329
   11.4916 -2.50840507
   11.5270 -0.472981763
   11.5299 -1.47014959
   11.5514 3.55135373
   11.5711 -2.42889712
   11.5711 -4.42889712
   11.5858 3.58575969
   11.5928 2.59280395
   11.5928 .592803952
   11.5947  5.5947292
   11.6323 -1.36766227
   11.6340 .633985266
   11.6358 -2.36419637
   11.6465 -5.35345053
   11.6499 4.64986673
   11.6587 -1.34126096
   11.6923  .69229181
   11.7303 2.73028079
   11.7343 -0.26570451
   11.7362 -1.26383524
   11.7680 -0.231951356
   11.7684 3.76838943
   11.7697 1.76968909
   11.7753 4.77533226
   11.7766 -4.22337655
   11.7875 2.78753099
   11.7875 -4.21246901
   11.7930 3.79295463
   11.7943 .794277273
   11.8025 3.80249696
   11.8395 -0.160484189
   11.8430 5.84300001
   11.8470 2.84703082
   11.8470 -1.15296918
   11.8833 -2.11666623
   11.8951 2.89509213
   11.8968 3.89682712
   11.9050 -1.09503115
   11.9889 -1.01107499
   12.0263 5.02625516
   12.0636 .0636244069
   12.0814 -3.91858046
   12.0852 -2.91476209
   12.1111  1.1110605
   12.1369 5.13691689
   12.1445 1.14450696
   12.1567 2.15666733
   12.1596 1.15962153
   12.1819 -3.81808128
   12.1868 -0.813208493
   12.2023 -0.797663609
   12.2259 -4.77412173
   12.2330 2.23299261
   12.2795 -0.720475385
   12.2869 3.28693523
   12.2946 -0.705376171
   12.3335 1.33350559
   12.3384 -0.661561629
   12.3991 3.39911917
   12.4027 -4.59725813
   12.4480 -0.552027582
   12.4528 1.45275664
   12.4846 2.48457977
   12.5077 5.50770912
   12.5482  4.5482142
   12.5564 1.55643554
   12.5814 -0.41860295
   12.6005 1.60045252
   12.6047 -5.3952604
   12.6061 -1.39392208
   12.6151 4.61512079
   12.6346 .634633096
   12.6385 -3.36152862
   12.6393 .639338791
   12.6448 6.64476633
   12.6655 -1.33449896
   12.6761 6.67606044
   12.6905 -2.3094562
   12.6946 2.69458583
   12.6948 5.69476324
   12.7541 -1.24589774
   12.7845 1.78453923
   12.8056 -4.19437864
   12.8056 3.80563491
   12.8155 2.81553595
   12.8738 -2.12622845
   12.8926 1.89264282
   12.8928 4.89284414
   12.9224 -2.07759218
   12.9556 -3.04437302
   12.9716 2.97156584
   12.9906 -5.00935435
   13.0070 -3.99303528
   13.0266 4.02657495
   13.0344 5.03438461
   13.0557 .0557358668
   13.0643 -3.93567744
   13.0998 -3.90018132
   13.1066 4.10659958
   13.1119 .111933169
   13.1225 5.12247379
   13.1306 -0.869393327
   13.1584 3.15835318
   13.1748 -0.825244245
   13.1958 1.19576622
   13.2367  2.2366806
   13.2458 -3.75417516
   13.2503 .250330657
   13.2531 -0.746886705
   13.2723 4.27230468
   13.2787 5.27865518
   13.3216 2.32160253
   13.3276 4.32763528
   13.3328 -0.667190888
   13.3398 -2.66018828
   13.3501 .350118568
   13.3531 -3.64693766
   13.3562 -2.64383697
   13.3596 2.35961963
   13.3611 3.36114973
   13.3671 1.36714313
   13.3752 2.37516433
   13.3833 -0.616744625
   13.3893 5.38926604
   13.4068 2.40682061
   13.4282 4.42824514
   13.4656 -3.53441654
   13.4656 -3.53441654
   13.4892 -1.51083112
   13.5124 -4.48762312
   13.5613 2.56125636
   13.5653 7.56534897
   13.5828 -2.41718666
   13.5837 .583657697
   13.6025  2.6025182
   13.6157 -2.38425294
   13.6157 -0.384252943
   13.6226 -4.37743491
   13.6441 5.64409109
   13.6641 -3.33594986
   13.6756 -0.324408729
   13.6811 -0.318913998
   13.6817 1.68166842
   13.7248 -0.275195944
   13.7258 1.72580284
   13.7297 -1.27030258
   13.7406  .74061837
   13.7722 -3.22782611
   13.7870 -1.21298365
   13.8032 5.80323189
   13.8426  3.8425939
   13.8577 -1.14226012
   13.8626 2.86257371
   13.8626 4.86257371
   13.9009 .900927899
   13.9012 -3.09880693
   13.9255 3.92552701
   13.9282 -4.07179465
   13.9374 4.93740831
   13.9650 -0.0350443946
   13.9724 1.97240738
   13.9785 -2.02152554
   13.9858 5.98578945
   13.9890 1.98896273
   13.9920 -2.00799727
   13.9936 -1.00641601
   13.9966 -0.00341989427
   14.0324 -3.96755594
   14.0557 4.05566525
   14.0719 1.07190193
   14.0875 1.08752232
   14.1020 -2.89801927
   14.1435 .143501779
   14.1684 2.16838559
   14.1705 -0.82953024
   14.1742 -2.82577611
   14.1873 -2.81271481
   14.1981 -3.8018929
   14.1981 -2.8018929
   14.1981 -0.801892902
   14.2043 -2.79566347
   14.2146 3.21455419
   14.2146 2.21455419
   14.2176 5.21758417
   14.2212 5.22122841
   14.2233 -1.77673647
   14.2297 1.22974318
   14.2722 -2.72777578
   14.2871 3.28714667
   14.2871 6.28714667
   14.2871 3.28714667
   14.2915 2.29146834
   14.3997 2.39965334
   14.4033 -0.596688342
   14.4052 -0.594835179
   14.4317 4.43174823
   14.4500 6.45002164
   14.4500 4.45002164
   14.4509 -6.54911536
   14.4562 -0.543796273
   14.4628 -3.5371973
   14.4804 .480366828
   14.4808  5.4807577
   14.4844 -2.51558286
   14.5099 .509936626
   14.5364  5.5363518
   14.5396 4.53955575
   14.5435 -0.456451078
   14.5474 2.54736607
   14.5647  1.5647184
   14.5743 -1.42574278
   14.5840 6.58396701
   14.5862  1.5861769
   14.5891 2.58907592
   14.5950 -1.4050368
   14.6080 -3.39196646
   14.6193 -0.380682873
   14.6244 3.62437755
   14.6496 -0.350378944
   14.6784 8.67838367
   14.6870 .686991034
   14.6891 -3.31094523
   14.7083 2.70827416
   14.7242 5.72419975
   14.7286 -2.27138405
   14.7349 .734924687
   14.7892 -2.21080875
   14.8864 -0.113588277
   14.8894 2.88937886
   14.9083 2.90825612
   14.9204 3.92042723
   14.9240 -2.07603033
   14.9443 -1.05573261
   14.9482  2.9482177
   14.9527 6.95270689
   14.9675 1.96753369
   14.9899 1.98994112
   15.0054 6.00539073
   15.0457 1.04567735
   15.0465 2.04652757
   15.0587 3.05866595
   15.0841 -0.915894421
   15.0841 1.08410558
   15.0935 .0935361228
   15.1105 1.11045348
   15.1434 -0.856580287
   15.1507 .150683042
   15.1636 .163623079
   15.1821 .182137872
   15.1869 -4.81310212
   15.2027 3.20274074
   15.2039 -7.79611027
   15.2136 .213613791
   15.2238 1.22381209
   15.2257 -1.77434891
   15.2382  .23822782
   15.2432 .243168525
   15.2488 5.24884471
   15.2488 4.24884471
   15.2521 -2.74786083
   15.2577 -1.7422854
   15.2583 -0.741665086
   15.2743 1.27426895
   15.2817  1.2816856
   15.2999 -2.70010156
   15.3183 -2.68174978
   15.3386   .3385822
   15.3900 -1.60999192
   15.4337 .433691033
   15.4707 3.47065296
   15.4794  8.4793948
   15.4794  6.4793948
   15.5281 -1.47190234
   15.5339 -1.46609212
   15.5416 -1.45843626
   15.5572 -0.442834792
   15.5581 7.55812251
   15.5773 -0.422746388
   15.6494 -2.35058358
   15.6558 -1.34421615
   15.6624 .662434693
   15.6948 -1.30523837
   15.7092 .709204931
   15.7127 -3.28732068
   15.7244 -2.2755634
   15.7378 .737816805
   15.7451  1.7451004
   15.7500 -1.24998477
   15.7515 -4.24845881
   15.7608 -2.23918017
   15.7767 6.77670537
   15.7777  .77774318
   15.7893 4.78933346
   15.8000 .800018573
   15.8156  .81563212
   15.8413 -4.15868912
   15.8531 -2.14690125
   15.8624 -1.13760702
   15.8664 4.86639192
   15.8910 .891039754
   15.9357 1.93574388
   15.9675 9.96750922
   15.9756 2.97560631
   15.9853 2.98534075
   16.0095 -1.99051403
   16.0485 -1.95153091
   16.0498 2.04977213
   16.0697 2.06965536
   16.0737 -0.926325469
   16.0822 2.08217395
   16.0835 3.08349409
   16.1064 1.10639421
   16.1105 7.11047482
   16.1185 -6.88152745
   16.2059 -1.79410078
   16.2166 1.21657215
   16.2245 .224461004
   16.2779 -1.72214051
   16.2880 1.28797758
   16.3211 -0.67890783
   16.3333 .333296103
   16.3579  1.3579176
   16.3996 -1.60039532
   16.4372 -0.562838113
   16.4921 -4.50787246
   16.5129 -1.48705326
   16.5262 -5.4737659
   16.5623 -0.437705964
   16.5759 -0.424060488
   16.6362 -1.36375468
   16.6863 -1.31374772
   16.7500   3.750044
   16.7538 -0.246193704
   16.7833 -0.216652541
   16.7934 2.79341627
   16.8002  .80018622
   16.8616 -0.138366383
   16.9178 -3.08222529
   17.0435 -5.95648288
   17.0518 -0.948214421
   17.0754 -4.92464888
   17.0775 3.07753824
   17.0829 -2.91710935
   17.0927 -1.90727844
   17.1336 1.13359039
   17.1390 -2.86103158
   17.1948 -3.80520437
   17.2018 3.20182266
   17.2029 1.20287442
   17.2892 1.28915745
   17.3530 10.3529958
   17.3557 6.35571392
   17.3560 -1.64398095
   17.4257 -4.5742877
   17.4490 -3.55095976
   17.4759 -2.52414502
   17.4932 -1.50684162

479 rows selected.

SQL>
SQL> -----------------------------------------------------------------------
SQL> --                               APPLY THE MODEL
SQL> -----------------------------------------------------------------------
SQL> -------------------------------------------------
SQL> -- SCORE NEW DATA USING SQL DATA MINING FUNCTIONS
SQL> --
SQL> ------------------
SQL> -- BUSINESS CASE 1
SQL> -- Predict the average age of customers, broken out by gender.
SQL> --
SQL> column cust_gender format a12
SQL> SELECT A.cust_gender,
  2         COUNT(*) AS cnt,
  3         ROUND(
  4         AVG(PREDICTION(nnr_sh_regr_sample USING A.*)),4)
  5         AS avg_age
  6    FROM mining_data_apply_v A
  7  GROUP BY cust_gender
  8  ORDER BY cust_gender;

CUST_GENDER         CNT    AVG_AGE
------------ ---------- ----------
F                   512    26.8525
M                   988    27.8007

2 rows selected.

SQL>
SQL> ------------------
SQL> -- BUSINESS CASE 2
SQL> -- Create a 10 bucket histogram of customers from Italy based on their age
SQL> -- and return each customer's age group.
SQL> --
SQL> column pred_age format 999.99
SQL> SELECT cust_id,
  2         PREDICTION(nnr_sh_regr_sample USING *) pred_age,
  3         WIDTH_BUCKET(
  4          PREDICTION(nnr_sh_regr_sample USING *), 10, 100, 10) "Age Group"
  5    FROM mining_data_apply_v
  6   WHERE country_name = 'Italy'
  7  ORDER BY pred_age;

   CUST_ID PRED_AGE  Age Group
---------- -------- ----------
    101060     9.90          0
    101358    11.25          1
    100194    12.14          1
    100784    13.10          1
    100547    13.27          1
    101487    13.35          1
    100153    14.14          1
    100206    15.18          1
    100348    15.43          1
    100736    15.71          1
    100340    16.51          1
    100918    17.66          1
    101250    18.38          1
    101021    19.53          2
    101100    19.79          2
    101306    33.05          3
    100713    33.35          3
    100251    34.03          3
    100758    34.13          3
    100994    34.83          3
    100667    34.92          3
    100344    35.16          3
    100899    35.41          3
    100660    35.41          3
    100653    35.70          3
    101345    35.74          3
    100382    37.17          4
    100554    37.21          4
    101396    37.29          4
    101275    37.55          4
    100662    38.22          4
    100443    38.39          4
    100733    39.26          4
    101374    39.47          4
    100324    39.57          4
    101209    40.44          4
    100081    40.50          4
    100179    40.83          4
    100185    41.00          4
    100898    42.99          4
    101030    43.78          4
    101251    44.10          4
    101445    44.99          4

43 rows selected.

SQL>
SQL> ------------------
SQL> -- BUSINESS CASE 3
SQL> -- Find the reasons (8 attributes with the most impact) for the
SQL> -- predicted age of customer 100001.
SQL> --
SQL> set long 2000
SQL> set line 200
SQL> set pagesize 100
SQL> SELECT PREDICTION_DETAILS(nnr_sh_regr_sample, null, 8 USING *) prediction_details
  2    FROM mining_data_apply_v
  3   WHERE cust_id = 100001;

PREDICTION_DETAILS
--------------------------------------------------------------------------------
<Details algorithm="Neural Network">
<Attribute name="HOME_THEATER_PACKAGE" actualValue="1" weight=".334" rank="1"/>
<Attribute name="Y_BOX_GAMES" actualValue="0" weight=".116" rank="2"/>
<Attribute name="CUST_MARITAL_STATUS" actualValue="widowed" weight=".09" rank="3
"/>
<Attribute name="BULK_PACK_DISKETTES" actualValue="0" weight=".057" rank="4"/>
<Attribute name="CUST_GENDER" actualValue="F" weight=".043" rank="5"/>
<Attribute name="OS_DOC_SET_KANJI" actualValue="0" weight=".031" rank="6"/>
<Attribute name="FLAT_PANEL_MONITOR" actualValue="0" weight=".027" rank="7"/>
<Attribute name="CUST_INCOME_LEVEL" actualValue="G: 130,000 - 149,999" weight=".
026" rank="8"/>
</Details>

1 row selected.

SQL>
SQL> spool oml4sql-regression-random-forest
