SQL> @oml4sql-time-series-regression
SQL> -----------------------------------------------------------------------
SQL> --   Oracle Machine Learning for SQL (OML4SQL) 23ai
SQL> --
SQL> --   Time Series Regression - Using Exponential Smoothing with
SQL> --      Generalized Linear Model and Extreme Gradient Boosting
SQL> --
SQL> --   Copyright (c) 2024 Oracle Corporation and/or its affilitiates.
SQL> --
SQL> --   The Universal Permissive License (UPL), Version 1.0
SQL> --
SQL> --   https://oss.oracle.com/licenses/upl
SQL> -----------------------------------------------------------------------
SQL>
SQL> SET ECHO ON
SQL> SET FEEDBACK 1
SQL> SET NUMWIDTH 10
SQL> SET LINESIZE 80
SQL> SET TRIMSPOOL ON
SQL> SET TAB OFF
SQL> SET PAGESIZE 100
SQL>
SQL> SET echo off

PL/SQL procedure successfully completed.


Table EUSTOCK created.


1 row inserted.


1 row inserted.


1 row inserted.


1 row inserted.


1 row inserted.


1 row inserted.


1 row inserted.


1 row inserted.


1 row inserted.


1 row inserted.


1 row inserted.


1 row inserted.


1 row inserted.


1 row inserted.


1 row inserted.


1 row inserted.


1 row inserted.


1 row inserted.


1 row inserted.


1 row inserted.


1 row inserted.


1 row inserted.


1 row inserted.


1 row inserted.


1 row inserted.


1 row inserted.


1 row inserted.


1 row inserted.


1 row inserted.


1 row inserted.


1 row inserted.


1 row inserted.


1 row inserted.


1 row inserted.


1 row inserted.


1 row inserted.


1 row inserted.


1 row inserted.


1 row inserted.


1 row inserted.


1 row inserted.


1 row inserted.


1 row inserted.


1 row inserted.


1 row inserted.


1 row inserted.


1 row inserted.


1 row inserted.


1 row inserted.


1 row inserted.


1 row inserted.


1 row inserted.


1 row inserted.


1 row inserted.


1 row inserted.


1 row inserted.


1 row inserted.


1 row inserted.


1 row inserted.


1 row inserted.


1 row inserted.


1 row inserted.


1 row inserted.


1 row inserted.


1 row inserted.


1 row inserted.


1 row inserted.


1 row inserted.


1 row inserted.


1 row inserted.


1 row inserted.


1 row inserted.


1 row inserted.


1 row inserted.


1 row inserted.


1 row inserted.


1 row inserted.


1 row inserted.


1 row inserted.


1 row inserted.


1 row inserted.


1 row inserted.


1 row inserted.


1 row inserted.


1 row inserted.


1 row inserted.


1 row inserted.


1 row inserted.


1 row inserted.


1 row inserted.


1 row inserted.


1 row inserted.


1 row inserted.


1 row inserted.


1 row inserted.


1 row inserted.


1 row inserted.


1 row inserted.


1 row inserted.


1 row inserted.


1 row inserted.


1 row inserted.


1 row inserted.


1 row inserted.


1 row inserted.


1 row inserted.


1 row inserted.


1 row inserted.


1 row inserted.


1 row inserted.


1 row inserted.


1 row inserted.


1 row inserted.


1 row inserted.


1 row inserted.


1 row inserted.


1 row inserted.


1 row inserted.


1 row inserted.


1 row inserted.


1 row inserted.


1 row inserted.


1 row inserted.


1 row inserted.


1 row inserted.


1 row inserted.


1 row inserted.


1 row inserted.


1 row inserted.


1 row inserted.


1 row inserted.


1 row inserted.


1 row inserted.


1 row inserted.


1 row inserted.


1 row inserted.


1 row inserted.


1 row inserted.


1 row inserted.


1 row inserted.


1 row inserted.


1 row inserted.


1 row inserted.


1 row inserted.


1 row inserted.


1 row inserted.


1 row inserted.


1 row inserted.


1 row inserted.


1 row inserted.


1 row inserted.


1 row inserted.


1 row inserted.


1 row inserted.


1 row inserted.


1 row inserted.


1 row inserted.


1 row inserted.


1 row inserted.


1 row inserted.


1 row inserted.


1 row inserted.


1 row inserted.


1 row inserted.


1 row inserted.


1 row inserted.


1 row inserted.


1 row inserted.


1 row inserted.


1 row inserted.


1 row inserted.


1 row inserted.


1 row inserted.


1 row inserted.


1 row inserted.


1 row inserted.


1 row inserted.


1 row inserted.


1 row inserted.


1 row inserted.


1 row inserted.


1 row inserted.


1 row inserted.


1 row inserted.


1 row inserted.


1 row inserted.


1 row inserted.


1 row inserted.


1 row inserted.


1 row inserted.


1 row inserted.


1 row inserted.


1 row inserted.


1 row inserted.


1 row inserted.


1 row inserted.


1 row inserted.


1 row inserted.


1 row inserted.


1 row inserted.


1 row inserted.


1 row inserted.


1 row inserted.


1 row inserted.


1 row inserted.


1 row inserted.


1 row inserted.


1 row inserted.


1 row inserted.


1 row inserted.


1 row inserted.


1 row inserted.


1 row inserted.


1 row inserted.


1 row inserted.


1 row inserted.


1 row inserted.


1 row inserted.


1 row inserted.


1 row inserted.


1 row inserted.


1 row inserted.


1 row inserted.


1 row inserted.


1 row inserted.


1 row inserted.


1 row inserted.


1 row inserted.


1 row inserted.


1 row inserted.


1 row inserted.


1 row inserted.


1 row inserted.


1 row inserted.


1 row inserted.


1 row inserted.


1 row inserted.


1 row inserted.


1 row inserted.


1 row inserted.


1 row inserted.


1 row inserted.


1 row inserted.


1 row inserted.


1 row inserted.


1 row inserted.


1 row inserted.


1 row inserted.


1 row inserted.


1 row inserted.


1 row inserted.


1 row inserted.


1 row inserted.


1 row inserted.


1 row inserted.


1 row inserted.


1 row inserted.


1 row inserted.


1 row inserted.


1 row inserted.


1 row inserted.


1 row inserted.


1 row inserted.


1 row inserted.


1 row inserted.


1 row inserted.


1 row inserted.


1 row inserted.


1 row inserted.


1 row inserted.


1 row inserted.


1 row inserted.


1 row inserted.


1 row inserted.


1 row inserted.


1 row inserted.


1 row inserted.


1 row inserted.


1 row inserted.


1 row inserted.


1 row inserted.


1 row inserted.


1 row inserted.


1 row inserted.


1 row inserted.


1 row inserted.


1 row inserted.


1 row inserted.


1 row inserted.


1 row inserted.


1 row inserted.


1 row inserted.


1 row inserted.


1 row inserted.


1 row inserted.


1 row inserted.


1 row inserted.


1 row inserted.


1 row inserted.


1 row inserted.


1 row inserted.


1 row inserted.


1 row inserted.


1 row inserted.


1 row inserted.


1 row inserted.


1 row inserted.


1 row inserted.


1 row inserted.


1 row inserted.


1 row inserted.


1 row inserted.


1 row inserted.


1 row inserted.


1 row inserted.


1 row inserted.


1 row inserted.


1 row inserted.


1 row inserted.


1 row inserted.


1 row inserted.


1 row inserted.


1 row inserted.


1 row inserted.


1 row inserted.


1 row inserted.


1 row inserted.


1 row inserted.


1 row inserted.


1 row inserted.


1 row inserted.


1 row inserted.


1 row inserted.


1 row inserted.


1 row inserted.


1 row inserted.


1 row inserted.


1 row inserted.


1 row inserted.


1 row inserted.


1 row inserted.


1 row inserted.


1 row inserted.


1 row inserted.


1 row inserted.


1 row inserted.


1 row inserted.


1 row inserted.


1 row inserted.


1 row inserted.


1 row inserted.


1 row inserted.


1 row inserted.


1 row inserted.


1 row inserted.


1 row inserted.


1 row inserted.


1 row inserted.


1 row inserted.


1 row inserted.


1 row inserted.


1 row inserted.


1 row inserted.


1 row inserted.


1 row inserted.


1 row inserted.


1 row inserted.


1 row inserted.


1 row inserted.


1 row inserted.


1 row inserted.


1 row inserted.


1 row inserted.


1 row inserted.


1 row inserted.


1 row inserted.


1 row inserted.


1 row inserted.


1 row inserted.


1 row inserted.


1 row inserted.


1 row inserted.


1 row inserted.


1 row inserted.


1 row inserted.


1 row inserted.


1 row inserted.


1 row inserted.


1 row inserted.


1 row inserted.


1 row inserted.


1 row inserted.


1 row inserted.


1 row inserted.


1 row inserted.


1 row inserted.


1 row inserted.


1 row inserted.


1 row inserted.


1 row inserted.


1 row inserted.


1 row inserted.


1 row inserted.


1 row inserted.


1 row inserted.


1 row inserted.


1 row inserted.


1 row inserted.


1 row inserted.


1 row inserted.


1 row inserted.


1 row inserted.


1 row inserted.


1 row inserted.


1 row inserted.


1 row inserted.


1 row inserted.


1 row inserted.


1 row inserted.


1 row inserted.


1 row inserted.


1 row inserted.


1 row inserted.


1 row inserted.


1 row inserted.


1 row inserted.


1 row inserted.


1 row inserted.


1 row inserted.


1 row inserted.


1 row inserted.


1 row inserted.


1 row inserted.


1 row inserted.


1 row inserted.


1 row inserted.


1 row inserted.


1 row inserted.


1 row inserted.


1 row inserted.


1 row inserted.


1 row inserted.


1 row inserted.


1 row inserted.


1 row inserted.


1 row inserted.


1 row inserted.


1 row inserted.


1 row inserted.


1 row inserted.


1 row inserted.


1 row inserted.


1 row inserted.


1 row inserted.


1 row inserted.


1 row inserted.


1 row inserted.


1 row inserted.


1 row inserted.


1 row inserted.


1 row inserted.


1 row inserted.


1 row inserted.


1 row inserted.


1 row inserted.


1 row inserted.


1 row inserted.


1 row inserted.


1 row inserted.


1 row inserted.


1 row inserted.


1 row inserted.


1 row inserted.


1 row inserted.


1 row inserted.


1 row inserted.


1 row inserted.


1 row inserted.


1 row inserted.


1 row inserted.


1 row inserted.


1 row inserted.


1 row inserted.


1 row inserted.


1 row inserted.


1 row inserted.


1 row inserted.


1 row inserted.


1 row inserted.


1 row inserted.


1 row inserted.


1 row inserted.


1 row inserted.


1 row inserted.


1 row inserted.


1 row inserted.


1 row inserted.


1 row inserted.


1 row inserted.


1 row inserted.


1 row inserted.


1 row inserted.


1 row inserted.


1 row inserted.


1 row inserted.


1 row inserted.


1 row inserted.


1 row inserted.


1 row inserted.


1 row inserted.


1 row inserted.


1 row inserted.


1 row inserted.


1 row inserted.


1 row inserted.


1 row inserted.


1 row inserted.


1 row inserted.


1 row inserted.


1 row inserted.


1 row inserted.


1 row inserted.


1 row inserted.


1 row inserted.


1 row inserted.


1 row inserted.


1 row inserted.


1 row inserted.


1 row inserted.


1 row inserted.


1 row inserted.


1 row inserted.


1 row inserted.


1 row inserted.


1 row inserted.


1 row inserted.


1 row inserted.


1 row inserted.


1 row inserted.


1 row inserted.


1 row inserted.


1 row inserted.


1 row inserted.


1 row inserted.


1 row inserted.


1 row inserted.


1 row inserted.


1 row inserted.


1 row inserted.


1 row inserted.


1 row inserted.


1 row inserted.


1 row inserted.


1 row inserted.


1 row inserted.


1 row inserted.


1 row inserted.


1 row inserted.


1 row inserted.


1 row inserted.


1 row inserted.


1 row inserted.


1 row inserted.


1 row inserted.


1 row inserted.


1 row inserted.


1 row inserted.


1 row inserted.


1 row inserted.


1 row inserted.


1 row inserted.


1 row inserted.


1 row inserted.


1 row inserted.


1 row inserted.


1 row inserted.


1 row inserted.


1 row inserted.


1 row inserted.


1 row inserted.


1 row inserted.


1 row inserted.


1 row inserted.


1 row inserted.


1 row inserted.


1 row inserted.


1 row inserted.


1 row inserted.


1 row inserted.


1 row inserted.


1 row inserted.


1 row inserted.


1 row inserted.


1 row inserted.


1 row inserted.


1 row inserted.


1 row inserted.


1 row inserted.


1 row inserted.


1 row inserted.


1 row inserted.


1 row inserted.


1 row inserted.


1 row inserted.


1 row inserted.


1 row inserted.


1 row inserted.


1 row inserted.


1 row inserted.


1 row inserted.


1 row inserted.


1 row inserted.


1 row inserted.


1 row inserted.


1 row inserted.


1 row inserted.


1 row inserted.


1 row inserted.


1 row inserted.


1 row inserted.


1 row inserted.


1 row inserted.


1 row inserted.


1 row inserted.


1 row inserted.


1 row inserted.


1 row inserted.


1 row inserted.


1 row inserted.


1 row inserted.


1 row inserted.


1 row inserted.


1 row inserted.


1 row inserted.


1 row inserted.


1 row inserted.


1 row inserted.


1 row inserted.


1 row inserted.


1 row inserted.


1 row inserted.


1 row inserted.


1 row inserted.


1 row inserted.


1 row inserted.


1 row inserted.


1 row inserted.


1 row inserted.


1 row inserted.


1 row inserted.


1 row inserted.


1 row inserted.


1 row inserted.


1 row inserted.


1 row inserted.


1 row inserted.


1 row inserted.


1 row inserted.


1 row inserted.


1 row inserted.


1 row inserted.


1 row inserted.


1 row inserted.


1 row inserted.


1 row inserted.


1 row inserted.


1 row inserted.


1 row inserted.


1 row inserted.


1 row inserted.


1 row inserted.


1 row inserted.


1 row inserted.


1 row inserted.


1 row inserted.


1 row inserted.


1 row inserted.


1 row inserted.


1 row inserted.


1 row inserted.


1 row inserted.


1 row inserted.


1 row inserted.


1 row inserted.


1 row inserted.


1 row inserted.


1 row inserted.


1 row inserted.


1 row inserted.


1 row inserted.


1 row inserted.


1 row inserted.


1 row inserted.


1 row inserted.


1 row inserted.


1 row inserted.


1 row inserted.


1 row inserted.


1 row inserted.


1 row inserted.


1 row inserted.


1 row inserted.


1 row inserted.


1 row inserted.


1 row inserted.


1 row inserted.


1 row inserted.


1 row inserted.


1 row inserted.


1 row inserted.


1 row inserted.


1 row inserted.


1 row inserted.


1 row inserted.


1 row inserted.


1 row inserted.


1 row inserted.


1 row inserted.


1 row inserted.


1 row inserted.


1 row inserted.


1 row inserted.


1 row inserted.


1 row inserted.


1 row inserted.


1 row inserted.


1 row inserted.


1 row inserted.


1 row inserted.


1 row inserted.


1 row inserted.


1 row inserted.


1 row inserted.


1 row inserted.


1 row inserted.


1 row inserted.


1 row inserted.


1 row inserted.


1 row inserted.


1 row inserted.


1 row inserted.


1 row inserted.


1 row inserted.


1 row inserted.


1 row inserted.


1 row inserted.


1 row inserted.


1 row inserted.


1 row inserted.


1 row inserted.


1 row inserted.


1 row inserted.


1 row inserted.


1 row inserted.


1 row inserted.


1 row inserted.


1 row inserted.


1 row inserted.


1 row inserted.


1 row inserted.


1 row inserted.


1 row inserted.


1 row inserted.


1 row inserted.


1 row inserted.


1 row inserted.


1 row inserted.


1 row inserted.


1 row inserted.


1 row inserted.


1 row inserted.


1 row inserted.


1 row inserted.


1 row inserted.


1 row inserted.


1 row inserted.


1 row inserted.


1 row inserted.


1 row inserted.


1 row inserted.


1 row inserted.


1 row inserted.


1 row inserted.


1 row inserted.


1 row inserted.


1 row inserted.


1 row inserted.


1 row inserted.


1 row inserted.


1 row inserted.


1 row inserted.


1 row inserted.


1 row inserted.


1 row inserted.


1 row inserted.


1 row inserted.


1 row inserted.


1 row inserted.


1 row inserted.


1 row inserted.


1 row inserted.


1 row inserted.


1 row inserted.


1 row inserted.


1 row inserted.


1 row inserted.


1 row inserted.


1 row inserted.


1 row inserted.


1 row inserted.


1 row inserted.


1 row inserted.


1 row inserted.


1 row inserted.


1 row inserted.


1 row inserted.


1 row inserted.


1 row inserted.


1 row inserted.


1 row inserted.


1 row inserted.


1 row inserted.


1 row inserted.


1 row inserted.


1 row inserted.


1 row inserted.


1 row inserted.


1 row inserted.


1 row inserted.


1 row inserted.


1 row inserted.


1 row inserted.


1 row inserted.


1 row inserted.


1 row inserted.


1 row inserted.


1 row inserted.


1 row inserted.


1 row inserted.


1 row inserted.


1 row inserted.


1 row inserted.


1 row inserted.


1 row inserted.


1 row inserted.


1 row inserted.


1 row inserted.


1 row inserted.


1 row inserted.


1 row inserted.


1 row inserted.


1 row inserted.


1 row inserted.


1 row inserted.


1 row inserted.


1 row inserted.


1 row inserted.


1 row inserted.


1 row inserted.


1 row inserted.


1 row inserted.


1 row inserted.


1 row inserted.


1 row inserted.


1 row inserted.


1 row inserted.


1 row inserted.


1 row inserted.


1 row inserted.


1 row inserted.


1 row inserted.


1 row inserted.


1 row inserted.


1 row inserted.


1 row inserted.


1 row inserted.


1 row inserted.


1 row inserted.


1 row inserted.


1 row inserted.


1 row inserted.


1 row inserted.


1 row inserted.


1 row inserted.


1 row inserted.


1 row inserted.


1 row inserted.


1 row inserted.


1 row inserted.


1 row inserted.


1 row inserted.


1 row inserted.


1 row inserted.


1 row inserted.


1 row inserted.


1 row inserted.


1 row inserted.


1 row inserted.


1 row inserted.


1 row inserted.


1 row inserted.


1 row inserted.


1 row inserted.


1 row inserted.


1 row inserted.


1 row inserted.


1 row inserted.


1 row inserted.


1 row inserted.


1 row inserted.


1 row inserted.


1 row inserted.


1 row inserted.


1 row inserted.


1 row inserted.


1 row inserted.


1 row inserted.


1 row inserted.


1 row inserted.


1 row inserted.


1 row inserted.


1 row inserted.


1 row inserted.


1 row inserted.


1 row inserted.


1 row inserted.


1 row inserted.


1 row inserted.


1 row inserted.


1 row inserted.


1 row inserted.


1 row inserted.


1 row inserted.


1 row inserted.


1 row inserted.


1 row inserted.


1 row inserted.


1 row inserted.


1 row inserted.


1 row inserted.


1 row inserted.


1 row inserted.


1 row inserted.


1 row inserted.


1 row inserted.


1 row inserted.


1 row inserted.


1 row inserted.


1 row inserted.


1 row inserted.


1 row inserted.


1 row inserted.


1 row inserted.


1 row inserted.


1 row inserted.


1 row inserted.


1 row inserted.


1 row inserted.


1 row inserted.


1 row inserted.


1 row inserted.


1 row inserted.


1 row inserted.


1 row inserted.


1 row inserted.


1 row inserted.


1 row inserted.


1 row inserted.


1 row inserted.


1 row inserted.


1 row inserted.


1 row inserted.


1 row inserted.


1 row inserted.


1 row inserted.


1 row inserted.


1 row inserted.


1 row inserted.


1 row inserted.


1 row inserted.


1 row inserted.


1 row inserted.


1 row inserted.


1 row inserted.


1 row inserted.


1 row inserted.


1 row inserted.


1 row inserted.


1 row inserted.


1 row inserted.


1 row inserted.


1 row inserted.


1 row inserted.


1 row inserted.


1 row inserted.


1 row inserted.


1 row inserted.


1 row inserted.


1 row inserted.


1 row inserted.


1 row inserted.


1 row inserted.


1 row inserted.


1 row inserted.


1 row inserted.


1 row inserted.


1 row inserted.


1 row inserted.


1 row inserted.


1 row inserted.


1 row inserted.


1 row inserted.


1 row inserted.


1 row inserted.


1 row inserted.


1 row inserted.


1 row inserted.


1 row inserted.


1 row inserted.


1 row inserted.


1 row inserted.


1 row inserted.


1 row inserted.


1 row inserted.


1 row inserted.


1 row inserted.


1 row inserted.


1 row inserted.


1 row inserted.


1 row inserted.


1 row inserted.


1 row inserted.


1 row inserted.


1 row inserted.


1 row inserted.


1 row inserted.


1 row inserted.


1 row inserted.


1 row inserted.


1 row inserted.


1 row inserted.


1 row inserted.


1 row inserted.


1 row inserted.


1 row inserted.


1 row inserted.


1 row inserted.


1 row inserted.


1 row inserted.


1 row inserted.


1 row inserted.


1 row inserted.


1 row inserted.


1 row inserted.


1 row inserted.


1 row inserted.


1 row inserted.


1 row inserted.


1 row inserted.


1 row inserted.


1 row inserted.


1 row inserted.


1 row inserted.


1 row inserted.


1 row inserted.


1 row inserted.


1 row inserted.


1 row inserted.


1 row inserted.


1 row inserted.


1 row inserted.


1 row inserted.


1 row inserted.


1 row inserted.


1 row inserted.


1 row inserted.


1 row inserted.


1 row inserted.


1 row inserted.


1 row inserted.


1 row inserted.


1 row inserted.


1 row inserted.


1 row inserted.


1 row inserted.


1 row inserted.


1 row inserted.


1 row inserted.


1 row inserted.


1 row inserted.


1 row inserted.


1 row inserted.


1 row inserted.


1 row inserted.


1 row inserted.


1 row inserted.


1 row inserted.


1 row inserted.


1 row inserted.


1 row inserted.


1 row inserted.


1 row inserted.


1 row inserted.


1 row inserted.


1 row inserted.


1 row inserted.


1 row inserted.


1 row inserted.


1 row inserted.


1 row inserted.


1 row inserted.


1 row inserted.


1 row inserted.


1 row inserted.


1 row inserted.


1 row inserted.


1 row inserted.


1 row inserted.


1 row inserted.


1 row inserted.


1 row inserted.


1 row inserted.


1 row inserted.


1 row inserted.


1 row inserted.


1 row inserted.


1 row inserted.


1 row inserted.


1 row inserted.


1 row inserted.


1 row inserted.


1 row inserted.


1 row inserted.


1 row inserted.


1 row inserted.


1 row inserted.


1 row inserted.


1 row inserted.


1 row inserted.


1 row inserted.


1 row inserted.


1 row inserted.


1 row inserted.


1 row inserted.


1 row inserted.


1 row inserted.


1 row inserted.


1 row inserted.


1 row inserted.


1 row inserted.


1 row inserted.


1 row inserted.


1 row inserted.


1 row inserted.


1 row inserted.


1 row inserted.


1 row inserted.


1 row inserted.


1 row inserted.


1 row inserted.


1 row inserted.


1 row inserted.


1 row inserted.


1 row inserted.


1 row inserted.


1 row inserted.


1 row inserted.


1 row inserted.


1 row inserted.


1 row inserted.


1 row inserted.


1 row inserted.


1 row inserted.


1 row inserted.


1 row inserted.


1 row inserted.


1 row inserted.


1 row inserted.


1 row inserted.


1 row inserted.


1 row inserted.


1 row inserted.


1 row inserted.


1 row inserted.


1 row inserted.


1 row inserted.


1 row inserted.


1 row inserted.


1 row inserted.


1 row inserted.


1 row inserted.


1 row inserted.


1 row inserted.


1 row inserted.


1 row inserted.


1 row inserted.


1 row inserted.


1 row inserted.


1 row inserted.


1 row inserted.


1 row inserted.


1 row inserted.


1 row inserted.


1 row inserted.


1 row inserted.


1 row inserted.


1 row inserted.


1 row inserted.


1 row inserted.


1 row inserted.


1 row inserted.


1 row inserted.


1 row inserted.


1 row inserted.


1 row inserted.


1 row inserted.


1 row inserted.


1 row inserted.


1 row inserted.


1 row inserted.


1 row inserted.


1 row inserted.


1 row inserted.


1 row inserted.


1 row inserted.


1 row inserted.


1 row inserted.


1 row inserted.


1 row inserted.


1 row inserted.


1 row inserted.


1 row inserted.


1 row inserted.


1 row inserted.


1 row inserted.


1 row inserted.


1 row inserted.


1 row inserted.


1 row inserted.


1 row inserted.


1 row inserted.


1 row inserted.


1 row inserted.


1 row inserted.


1 row inserted.


1 row inserted.


1 row inserted.


1 row inserted.


1 row inserted.


1 row inserted.


1 row inserted.


1 row inserted.


1 row inserted.


1 row inserted.


1 row inserted.


1 row inserted.


1 row inserted.


1 row inserted.


1 row inserted.


1 row inserted.


1 row inserted.


1 row inserted.


1 row inserted.


1 row inserted.


1 row inserted.


1 row inserted.


1 row inserted.


1 row inserted.


1 row inserted.


1 row inserted.


1 row inserted.


1 row inserted.


1 row inserted.


1 row inserted.


1 row inserted.


1 row inserted.


1 row inserted.


1 row inserted.


1 row inserted.


1 row inserted.


1 row inserted.


1 row inserted.


1 row inserted.


1 row inserted.


1 row inserted.


1 row inserted.


1 row inserted.


1 row inserted.


1 row inserted.


1 row inserted.


1 row inserted.


1 row inserted.


1 row inserted.


1 row inserted.


1 row inserted.


1 row inserted.


1 row inserted.


1 row inserted.


1 row inserted.


1 row inserted.


1 row inserted.


1 row inserted.


1 row inserted.


1 row inserted.


1 row inserted.


1 row inserted.


1 row inserted.


1 row inserted.


1 row inserted.


1 row inserted.


1 row inserted.


1 row inserted.


1 row inserted.


1 row inserted.


1 row inserted.


1 row inserted.


1 row inserted.


1 row inserted.


1 row inserted.


1 row inserted.


1 row inserted.


1 row inserted.


1 row inserted.


1 row inserted.


1 row inserted.


1 row inserted.


1 row inserted.


1 row inserted.


1 row inserted.


1 row inserted.


1 row inserted.


1 row inserted.


1 row inserted.


1 row inserted.


1 row inserted.


1 row inserted.


1 row inserted.


1 row inserted.


1 row inserted.


1 row inserted.


1 row inserted.


1 row inserted.


1 row inserted.


1 row inserted.


1 row inserted.


1 row inserted.


1 row inserted.


1 row inserted.


1 row inserted.


1 row inserted.


1 row inserted.


1 row inserted.


1 row inserted.


1 row inserted.


1 row inserted.


1 row inserted.


1 row inserted.


1 row inserted.


1 row inserted.


1 row inserted.


1 row inserted.


1 row inserted.


1 row inserted.


1 row inserted.


1 row inserted.


1 row inserted.


1 row inserted.


1 row inserted.


1 row inserted.


1 row inserted.


1 row inserted.


1 row inserted.


1 row inserted.


1 row inserted.


1 row inserted.


1 row inserted.


1 row inserted.


1 row inserted.


1 row inserted.


1 row inserted.


1 row inserted.


1 row inserted.


1 row inserted.


1 row inserted.


1 row inserted.


1 row inserted.


1 row inserted.


1 row inserted.


1 row inserted.


1 row inserted.


1 row inserted.


1 row inserted.


1 row inserted.


1 row inserted.


1 row inserted.


1 row inserted.


1 row inserted.


1 row inserted.


1 row inserted.


1 row inserted.


1 row inserted.


1 row inserted.


1 row inserted.


1 row inserted.


1 row inserted.


1 row inserted.


1 row inserted.


1 row inserted.


1 row inserted.


1 row inserted.


1 row inserted.


1 row inserted.


1 row inserted.


1 row inserted.


1 row inserted.


1 row inserted.


1 row inserted.


1 row inserted.


1 row inserted.


1 row inserted.


1 row inserted.


1 row inserted.


1 row inserted.


1 row inserted.


1 row inserted.


1 row inserted.


1 row inserted.


1 row inserted.


1 row inserted.


1 row inserted.


1 row inserted.


1 row inserted.


1 row inserted.


1 row inserted.


1 row inserted.


1 row inserted.


1 row inserted.


1 row inserted.


1 row inserted.


1 row inserted.


1 row inserted.


1 row inserted.


1 row inserted.


1 row inserted.


1 row inserted.


1 row inserted.


1 row inserted.


1 row inserted.


1 row inserted.


1 row inserted.


1 row inserted.


1 row inserted.


1 row inserted.


1 row inserted.


1 row inserted.


1 row inserted.


1 row inserted.


1 row inserted.


1 row inserted.


1 row inserted.


1 row inserted.


1 row inserted.


1 row inserted.


1 row inserted.


1 row inserted.


1 row inserted.


1 row inserted.


1 row inserted.


1 row inserted.


1 row inserted.


1 row inserted.


1 row inserted.


1 row inserted.


1 row inserted.


1 row inserted.


1 row inserted.


1 row inserted.


1 row inserted.


1 row inserted.


1 row inserted.


1 row inserted.


1 row inserted.


1 row inserted.


1 row inserted.


1 row inserted.


1 row inserted.


1 row inserted.


1 row inserted.


1 row inserted.


1 row inserted.


1 row inserted.


1 row inserted.


1 row inserted.


1 row inserted.


1 row inserted.


1 row inserted.


1 row inserted.


1 row inserted.


1 row inserted.


1 row inserted.


1 row inserted.


1 row inserted.


1 row inserted.


1 row inserted.


1 row inserted.


1 row inserted.


1 row inserted.


1 row inserted.


1 row inserted.


1 row inserted.


1 row inserted.


1 row inserted.


1 row inserted.


1 row inserted.


1 row inserted.


1 row inserted.


1 row inserted.


1 row inserted.


1 row inserted.


1 row inserted.


1 row inserted.


1 row inserted.


1 row inserted.


1 row inserted.


1 row inserted.


1 row inserted.


1 row inserted.


1 row inserted.


1 row inserted.


1 row inserted.


1 row inserted.


1 row inserted.


1 row inserted.


1 row inserted.


1 row inserted.


1 row inserted.


1 row inserted.


1 row inserted.


1 row inserted.


1 row inserted.


1 row inserted.


1 row inserted.


1 row inserted.


1 row inserted.


1 row inserted.


1 row inserted.


1 row inserted.


1 row inserted.


1 row inserted.


1 row inserted.


1 row inserted.


1 row inserted.


1 row inserted.


1 row inserted.


1 row inserted.


1 row inserted.


1 row inserted.


1 row inserted.


1 row inserted.


1 row inserted.


1 row inserted.


1 row inserted.


1 row inserted.


1 row inserted.


1 row inserted.


1 row inserted.


1 row inserted.


1 row inserted.


1 row inserted.


1 row inserted.


1 row inserted.


1 row inserted.


1 row inserted.


1 row inserted.


1 row inserted.


1 row inserted.


1 row inserted.


1 row inserted.


1 row inserted.


1 row inserted.


1 row inserted.


1 row inserted.


1 row inserted.


1 row inserted.


1 row inserted.


1 row inserted.


1 row inserted.


1 row inserted.


1 row inserted.


1 row inserted.


1 row inserted.


1 row inserted.


1 row inserted.


1 row inserted.


1 row inserted.


1 row inserted.


1 row inserted.


1 row inserted.


1 row inserted.


1 row inserted.


1 row inserted.


1 row inserted.


1 row inserted.


1 row inserted.


1 row inserted.


1 row inserted.


1 row inserted.


1 row inserted.


1 row inserted.


1 row inserted.


1 row inserted.


1 row inserted.


1 row inserted.


1 row inserted.


1 row inserted.


1 row inserted.


1 row inserted.


1 row inserted.


1 row inserted.


1 row inserted.


1 row inserted.


1 row inserted.


1 row inserted.


1 row inserted.


1 row inserted.


1 row inserted.


1 row inserted.


1 row inserted.


1 row inserted.


1 row inserted.


1 row inserted.


1 row inserted.


1 row inserted.


1 row inserted.


1 row inserted.


1 row inserted.


1 row inserted.


1 row inserted.


1 row inserted.


1 row inserted.


1 row inserted.


1 row inserted.


1 row inserted.


1 row inserted.


1 row inserted.


1 row inserted.


1 row inserted.


1 row inserted.


1 row inserted.


1 row inserted.


1 row inserted.


1 row inserted.


1 row inserted.


1 row inserted.


1 row inserted.


1 row inserted.


1 row inserted.


1 row inserted.


1 row inserted.


1 row inserted.


1 row inserted.


1 row inserted.


1 row inserted.


1 row inserted.


1 row inserted.


1 row inserted.


1 row inserted.


1 row inserted.


1 row inserted.


1 row inserted.


1 row inserted.


1 row inserted.


1 row inserted.


1 row inserted.


1 row inserted.


1 row inserted.


1 row inserted.


1 row inserted.


1 row inserted.


1 row inserted.


1 row inserted.


1 row inserted.


1 row inserted.


1 row inserted.


1 row inserted.


1 row inserted.


1 row inserted.


1 row inserted.


1 row inserted.


1 row inserted.


1 row inserted.


1 row inserted.


1 row inserted.


1 row inserted.


1 row inserted.


1 row inserted.


1 row inserted.


1 row inserted.


1 row inserted.


1 row inserted.


1 row inserted.


1 row inserted.


1 row inserted.


1 row inserted.


1 row inserted.


1 row inserted.


1 row inserted.


1 row inserted.


1 row inserted.


1 row inserted.


1 row inserted.


1 row inserted.


1 row inserted.


1 row inserted.


1 row inserted.


1 row inserted.


1 row inserted.


1 row inserted.


1 row inserted.


1 row inserted.


1 row inserted.


1 row inserted.


1 row inserted.


1 row inserted.


1 row inserted.


1 row inserted.


1 row inserted.


1 row inserted.


1 row inserted.


1 row inserted.


1 row inserted.


1 row inserted.


1 row inserted.


1 row inserted.


1 row inserted.


1 row inserted.


1 row inserted.


1 row inserted.


1 row inserted.


1 row inserted.


1 row inserted.


1 row inserted.


1 row inserted.


1 row inserted.


1 row inserted.


1 row inserted.


1 row inserted.


1 row inserted.


1 row inserted.


1 row inserted.


1 row inserted.


1 row inserted.


1 row inserted.


1 row inserted.


1 row inserted.


1 row inserted.


1 row inserted.


1 row inserted.


1 row inserted.


1 row inserted.


1 row inserted.


1 row inserted.


1 row inserted.


1 row inserted.


1 row inserted.


1 row inserted.


1 row inserted.


1 row inserted.


1 row inserted.


1 row inserted.


1 row inserted.


1 row inserted.


1 row inserted.


1 row inserted.


1 row inserted.


1 row inserted.


1 row inserted.


1 row inserted.


1 row inserted.


1 row inserted.


1 row inserted.


1 row inserted.


1 row inserted.


1 row inserted.


1 row inserted.


1 row inserted.


1 row inserted.


1 row inserted.


1 row inserted.


1 row inserted.


1 row inserted.


1 row inserted.


1 row inserted.


1 row inserted.


1 row inserted.


1 row inserted.


1 row inserted.


1 row inserted.


1 row inserted.


1 row inserted.


1 row inserted.


1 row inserted.


1 row inserted.


1 row inserted.


1 row inserted.


1 row inserted.


1 row inserted.


1 row inserted.


1 row inserted.


1 row inserted.


1 row inserted.


1 row inserted.


1 row inserted.


1 row inserted.


1 row inserted.


1 row inserted.


1 row inserted.


1 row inserted.


1 row inserted.


1 row inserted.


1 row inserted.


1 row inserted.


1 row inserted.


1 row inserted.


1 row inserted.


1 row inserted.


1 row inserted.


1 row inserted.


1 row inserted.


1 row inserted.


1 row inserted.


1 row inserted.


1 row inserted.


1 row inserted.


1 row inserted.


1 row inserted.


1 row inserted.


1 row inserted.


1 row inserted.


1 row inserted.


1 row inserted.


1 row inserted.


1 row inserted.


1 row inserted.


1 row inserted.


1 row inserted.


1 row inserted.


1 row inserted.


1 row inserted.


1 row inserted.


1 row inserted.


1 row inserted.


1 row inserted.


1 row inserted.


1 row inserted.


1 row inserted.


1 row inserted.


1 row inserted.


1 row inserted.


1 row inserted.


1 row inserted.


PL/SQL procedure successfully completed.

SQL> DECLARE
  2    v_setlst DBMS_DATA_MINING.SETTING_LIST;
  3    v_data_query VARCHAR2(32767);
  4  BEGIN
  5    -- Model Settings ---------------------------------------------------
  6    v_setlst('ALGO_NAME')            := 'ALGO_EXPONENTIAL_SMOOTHING';
  7    v_setlst('EXSM_INTERVAL')        := 'EXSM_INTERVAL_DAY';
  8    v_setlst('EXSM_MODEL')           := 'EXSM_ADDWINTERS_DAMPED';
  9    v_setlst('EXSM_SEASONALITY')     := '7';
 10    v_setlst('EXSM_PREDICTION_STEP') := '1';
 11    v_setlst('EXSM_SERIES_LIST')     := 'SMI,CAC,FTSE';
 12
 13    v_data_query := q'|SELECT * FROM EUSTOCK|';
 14
 15    DBMS_DATA_MINING.CREATE_MODEL2(
 16      model_name          => 'MSDEMO_MODEL',
 17      mining_function     => 'TIME_SERIES',
 18      data_query          => v_data_query,
 19      set_list            => v_setlst,
 20      case_id_column_name => 'DATES',
 21      target_column_name  => 'DAX'
 22    );
 23  END;
 24  /

PL/SQL procedure successfully completed.

SQL>
SQL> -------------------------
SQL> -- Model Results:
SQL> -- DM$VRNSDEMO compares the actuals to the prediction
SQL> --
SQL>
SQL> SELECT * FROM DM$VRMSDEMO_MODEL
  2  FETCH FIRST 10 ROWS ONLY;

PARTITION_NAME       CASE_ID                               DAX     DM$DAX
-------------------- ------------------------------ ---------- ----------
    DM$SMI     DM$CAC    DM$FTSE
---------- ---------- ----------
DM$$_PNVL            01-JAN-93                         1691.37 1694.04013
 2118.6449 2033.74464  2902.6771

DM$$_PNVL            07-FEB-93                         1666.49 1687.02185
2178.96989 1955.57535 2858.68825

DM$$_PNVL            17-FEB-93                         1628.88 1607.40528
2139.31833 1920.03474 2798.98236

DM$$_PNVL            01-MAR-93                         1613.98 1602.90239
2222.09541 1837.84583 2821.25529

DM$$_PNVL            05-MAR-93                         1633.18  1607.6091
2227.39328 1879.76157 2823.97792

DM$$_PNVL            14-MAR-93                         1679.69 1668.01692
 2304.6959 1894.07082 2853.26696

DM$$_PNVL            17-MAR-93                         1686.44 1671.49864
2289.20226 1912.96234 2848.35474

DM$$_PNVL            25-MAR-93                         1692.16 1700.48276
2335.85659 1943.10156  2913.9234

DM$$_PNVL            11-APR-93                         1835.09 1833.20381
2405.65128 1976.44717 2841.87214

DM$$_PNVL            18-APR-93                          1832.2 1853.78629
2405.47627  2001.8416 2878.80206


10 rows selected.

SQL> /

PARTITION_NAME       CASE_ID                               DAX     DM$DAX
-------------------- ------------------------------ ---------- ----------
    DM$SMI     DM$CAC    DM$FTSE
---------- ---------- ----------
DM$$_PNVL            01-JAN-93                         1691.37 1694.04013
 2118.6449 2033.74464  2902.6771

DM$$_PNVL            07-FEB-93                         1666.49 1687.02185
2178.96989 1955.57535 2858.68825

DM$$_PNVL            17-FEB-93                         1628.88 1607.40528
2139.31833 1920.03474 2798.98236

DM$$_PNVL            01-MAR-93                         1613.98 1602.90239
2222.09541 1837.84583 2821.25529

DM$$_PNVL            05-MAR-93                         1633.18  1607.6091
2227.39328 1879.76157 2823.97792

DM$$_PNVL            14-MAR-93                         1679.69 1668.01692
 2304.6959 1894.07082 2853.26696

DM$$_PNVL            17-MAR-93                         1686.44 1671.49864
2289.20226 1912.96234 2848.35474

DM$$_PNVL            25-MAR-93                         1692.16 1700.48276
2335.85659 1943.10156  2913.9234

DM$$_PNVL            11-APR-93                         1835.09 1833.20381
2405.65128 1976.44717 2841.87214

DM$$_PNVL            18-APR-93                          1832.2 1853.78629
2405.47627  2001.8416 2878.80206


10 rows selected.

SQL>
SQL> -------------------------
SQL> -- Create Trianing, Actual, and Test Datasets:
SQL> -- DM models show the forcast for the target column
SQL> --
SQL>
SQL> BEGIN EXECUTE IMMEDIATE 'DROP TABLE tmesm_ms_train';
  2  EXCEPTION WHEN OTHERS THEN NULL; END;
  3  /

PL/SQL procedure successfully completed.

SQL> CREATE TABLE tmesm_ms_train as
  2  SELECT CASE_ID, DAX, DM$DAX, DM$SMI, DM$CAC, DM$FTSE,
  3         CASE WHEN case_id < to_date('1998-02-03','YYYY-MM-DD')
  4         THEN 0 ELSE 1 END AS prod
  5  FROM DM$VRMSDEMO_Model order by 1;

Table TMESM_MS_TRAIN created.

SQL>
SQL> -------------------------
SQL> -- By inserting the actual values into the prediction dataset,
SQL> -- a comparison of the accuracy for the ESM and regression
SQL> -- models can be possible.
SQL> --
SQL>
SQL> BEGIN EXECUTE IMMEDIATE 'DROP TABLE tmesm_ms_actual';
  2  EXCEPTION WHEN OTHERS THEN NULL; END;
  3  /

PL/SQL procedure successfully completed.

SQL> CREATE TABLE tmesm_ms_actual (case_id DATE, DAX binary_double);

Table TMESM_MS_ACTUAL created.

SQL> INSERT INTO tmesm_ms_actual VALUES(DATE '1998-02-04', 4633.008);

1 row inserted.

SQL> commit;

Commit complete.

SQL> /

Commit complete.

SQL> BEGIN EXECUTE IMMEDIATE 'DROP TABLE tmesm_ms_test';
  2  EXCEPTION WHEN OTHERS THEN NULL; END;
  3  /

PL/SQL procedure successfully completed.

SQL> CREATE TABLE tmesm_ms_test as
  2  SELECT a.case_id, b.DAX, DM$DAX, DM$SMI, DM$CAC, DM$FTSE, 1 prod
  3  FROM   DM$VTMSDEMO_model a, tmesm_ms_actual b
  4  WHERE  a.case_id=b.case_id;

Table TMESM_MS_TEST created.

SQL>
SQL> -------------------------
SQL> -- Column 'prod' is a binary variable indicating a change in the environment,
SQL> -- e.g., the introduction of a new product.
SQL> -- It is an example of an auxillary, or flag, variable that is used by the regression
SQL> -- to improve accuracy. It may represent the presence of a holiday, or encodw
SQL> -- an alternate seasonality (multi-seasonal model)
SQL> --
SQL>
SQL> -------------------------
SQL> -- BUILD GLM MODEL
SQL> --
SQL>
SQL> SET echo OFF

PL/SQL procedure successfully completed.

SQL> DECLARE
  2    v_setlst DBMS_DATA_MINING.SETTING_LIST;
  3    v_data_query VARCHAR2(32767);
  4  BEGIN
  5    -- Model Settings ---------------------------------------------------
  6    v_setlst('ALGO_NAME')          := 'ALGO_GENERALIZED_LINEAR_MODEL';
  7
  8    v_data_query := q'|SELECT * FROM tmesm_ms_train|';
  9
 10    DBMS_DATA_MINING.CREATE_MODEL2(
 11      model_name          => 'MS_GLM_MODEL',
 12      mining_function     => 'REGRESSION',
 13      data_query          => v_data_query,
 14      set_list            => v_setlst,
 15      case_id_column_name => 'CASE_ID',
 16      target_column_name  => 'DAX'
 17    );
 18  END;
 19  /

PL/SQL procedure successfully completed.

SQL>
SQL> -----------------------------------------------------------------------
SQL> --                            ANALYZE THE MODEL
SQL> -----------------------------------------------------------------------
SQL>
SQL> -------------------------
SQL> -- DISPLAY MODEL VIEWS
SQL> --
SQL>
SQL> SELECT VIEW_NAME, VIEW_TYPE
  2  FROM   USER_MINING_MODEL_VIEWS
  3  WHERE  MODEL_NAME='MSDEMO_MODEL'
  4  ORDER BY VIEW_NAME;

VIEW_NAME
------------------------------
VIEW_TYPE
--------------------------------------------------
DM$VGMSDEMO_MODEL
Global Name-Value Pairs

DM$VPMSDEMO_MODEL
Exponential Smoothing Forecast

DM$VRMSDEMO_MODEL
Exponential Smoothing Regression Build Data

DM$VSMSDEMO_MODEL
Computed Settings

DM$VTMSDEMO_MODEL
Exponential Smoothing Regression Score Data

DM$VWMSDEMO_MODEL
Model Build Alerts


6 rows selected.

SQL> /

VIEW_NAME
------------------------------
VIEW_TYPE
--------------------------------------------------
DM$VGMSDEMO_MODEL
Global Name-Value Pairs

DM$VPMSDEMO_MODEL
Exponential Smoothing Forecast

DM$VRMSDEMO_MODEL
Exponential Smoothing Regression Build Data

DM$VSMSDEMO_MODEL
Computed Settings

DM$VTMSDEMO_MODEL
Exponential Smoothing Regression Score Data

DM$VWMSDEMO_MODEL
Model Build Alerts


6 rows selected.

SQL> -------------------------
SQL> -- DISPLAY BACKCASTS
SQL> --
SQL>
SQL> SELECT *
  2  FROM   DM$VRMSDEMO_MODEL
  3  ORDER BY CASE_ID
  4  FETCH FIRST 10 ROWS ONLY;

PARTITION_NAME       CASE_ID                               DAX     DM$DAX
-------------------- ------------------------------ ---------- ----------
    DM$SMI     DM$CAC    DM$FTSE
---------- ---------- ----------
DM$$_PNVL            01-JAN-93                         1691.37 1694.04013
 2118.6449 2033.74464  2902.6771

DM$$_PNVL            02-JAN-93                         1701.46 1698.22761
2133.55491 2007.51863 2899.02204

DM$$_PNVL            03-JAN-93                         1690.48 1706.68074
2139.72966 2002.52501 2894.06577

DM$$_PNVL            04-JAN-93                         1685.46 1688.08507
2137.00103 1994.95043  2911.9927

DM$$_PNVL            05-JAN-93                         1686.15 1694.52267
2155.71939 1989.43555    2909.64

DM$$_PNVL            06-JAN-93                         1702.27 1672.43196
2116.12151 1985.68755 2900.80286

DM$$_PNVL            07-JAN-93                         1711.91  1708.7541
2143.90693 2002.19027 2958.49452

DM$$_PNVL            08-JAN-93                         1714.48 1700.49158
2129.08055 1996.58129 2929.59905

DM$$_PNVL            09-JAN-93                         1708.65 1719.16733
 2166.9819 1995.57515 2961.55975

DM$$_PNVL            10-JAN-93                         1688.74 1715.63713
2173.38285 1990.49458 2963.39385


10 rows selected.

SQL> /

PARTITION_NAME       CASE_ID                               DAX     DM$DAX
-------------------- ------------------------------ ---------- ----------
    DM$SMI     DM$CAC    DM$FTSE
---------- ---------- ----------
DM$$_PNVL            01-JAN-93                         1691.37 1694.04013
 2118.6449 2033.74464  2902.6771

DM$$_PNVL            02-JAN-93                         1701.46 1698.22761
2133.55491 2007.51863 2899.02204

DM$$_PNVL            03-JAN-93                         1690.48 1706.68074
2139.72966 2002.52501 2894.06577

DM$$_PNVL            04-JAN-93                         1685.46 1688.08507
2137.00103 1994.95043  2911.9927

DM$$_PNVL            05-JAN-93                         1686.15 1694.52267
2155.71939 1989.43555    2909.64

DM$$_PNVL            06-JAN-93                         1702.27 1672.43196
2116.12151 1985.68755 2900.80286

DM$$_PNVL            07-JAN-93                         1711.91  1708.7541
2143.90693 2002.19027 2958.49452

DM$$_PNVL            08-JAN-93                         1714.48 1700.49158
2129.08055 1996.58129 2929.59905

DM$$_PNVL            09-JAN-93                         1708.65 1719.16733
 2166.9819 1995.57515 2961.55975

DM$$_PNVL            10-JAN-93                         1688.74 1715.63713
2173.38285 1990.49458 2963.39385


10 rows selected.

SQL> -------------------------
SQL> -- DISPLAY FORECASTS
SQL> --
SQL>
SQL> SELECT *
  2  FROM DM$VTMSDEMO_MODEL
  3  ORDER BY CASE_ID
  4  FETCH FIRST 10 ROWS ONLY;

PARTITION_NAME       CASE_ID                               DAX     DM$DAX
-------------------- ------------------------------ ---------- ----------
    DM$SMI     DM$CAC    DM$FTSE
---------- ---------- ----------
DM$$_PNVL            04-FEB-98                                 4681.13345
7130.51686 3409.37942 5752.00245


1 row selected.

SQL> /

PARTITION_NAME       CASE_ID                               DAX     DM$DAX
-------------------- ------------------------------ ---------- ----------
    DM$SMI     DM$CAC    DM$FTSE
---------- ---------- ----------
DM$$_PNVL            04-FEB-98                                 4681.13345
7130.51686 3409.37942 5752.00245


1 row selected.

SQL> -------------------------
SQL> -- COMPARE REGRESSION FORECAST (GLM) TO BASELINE (EXPONENTIAL SMOOTHING) FORECAST
SQL> --
SQL>
SQL> SELECT CASE_ID, DAX, regression_forecast, baseline_forecast,
  2         DAX - regression_forecast AS regression_error,
  3         DAX - baseline_forecast AS baseline_error
  4  FROM (SELECT CASE_ID, DAX,
  5               PREDICTION(MS_GLM_model using *) regression_forecast,
  6               DM$DAX baseline_forecast
  7        FROM   tmesm_ms_test
  8        ORDER BY CASE_ID);

CASE_ID                               DAX REGRESSION_FORECAST BASELINE_FORECAST
------------------------------ ---------- ------------------- -----------------
REGRESSION_ERROR BASELINE_ERROR
---------------- --------------
04-FEB-98                      4.633E+003          4671.66808        4681.13345
      -3.87E+001     -4.81E+001


1 row selected.

SQL> /

CASE_ID                               DAX REGRESSION_FORECAST BASELINE_FORECAST
------------------------------ ---------- ------------------- -----------------
REGRESSION_ERROR BASELINE_ERROR
---------------- --------------
04-FEB-98                      4.633E+003          4671.66808        4681.13345
      -3.87E+001     -4.81E+001


1 row selected.

SQL> -------------------------
SQL> -- BUILD XGBOOST MODEL
SQL> --
SQL>
SQL> SET echo OFF

PL/SQL procedure successfully completed.

SQL> DECLARE
  2    v_setlst DBMS_DATA_MINING.SETTING_LIST;
  3    v_data_query VARCHAR2(32767);
  4  BEGIN
  5    -- Model Settings ---------------------------------------------------
  6    v_setlst('ALGO_NAME')          := 'ALGO_XGBOOST';
  7
  8    v_data_query := q'|SELECT * FROM tmesm_ms_train|';
  9
 10    DBMS_DATA_MINING.CREATE_MODEL2(
 11      model_name          => 'MS_XGB_MODEL',
 12      mining_function     => 'REGRESSION',
 13      data_query          => v_data_query,
 14      set_list            => v_setlst,
 15      case_id_column_name => 'CASE_ID',
 16      target_column_name  => 'DAX'
 17    );
 18  END;
 19  /

PL/SQL procedure successfully completed.

SQL>
SQL> -------------------------
SQL> -- COMPARE REGRESSION FORECAST (XGB) TO BASELINE (EXPONENTIAL SMOOTHING) FORECAST
SQL> --
SQL>
SQL> SELECT CASE_ID, DAX, regression_forecast, baseline_forecast,
  2         DAX - regression_forecast AS regression_error,
  3         DAX - baseline_forecast AS baseline_error
  4  FROM (SELECT CASE_ID, DAX,
  5               PREDICTION(MS_XGB_model using *) regression_forecast,
  6               DM$DAX baseline_forecast
  7        FROM   tmesm_ms_test
  8        ORDER BY CASE_ID);

CASE_ID                               DAX REGRESSION_FORECAST BASELINE_FORECAST
------------------------------ ---------- ------------------- -----------------
REGRESSION_ERROR BASELINE_ERROR
---------------- --------------
04-FEB-98                      4.633E+003          4540.27832        4681.13345
      9.273E+001     -4.81E+001


1 row selected.

SQL> /

CASE_ID                               DAX REGRESSION_FORECAST BASELINE_FORECAST
------------------------------ ---------- ------------------- -----------------
REGRESSION_ERROR BASELINE_ERROR
---------------- --------------
04-FEB-98                      4.633E+003          4540.27832        4681.13345
      9.273E+001     -4.81E+001


1 row selected.

SQL> -----------------------------------------------------------------------
SQL> --   End of script
SQL> -------------------------------------------------------------------------
